=================================== test session starts ====================================
platform win32 -- Python 3.13.2, pytest-9.0.2, pluggy-1.6.0
rootdir: D:\Projects\12.0 AWS SamvaadAI\backend
configfile: pytest.ini
plugins: anyio-4.12.1, base-url-2.1.0, playwright-0.7.2
collected 82 items                                                                          

tests\test_api.py .......                                                             [  8%]
tests\test_e2e_scenarios.py .........                                                 [ 19%]
tests\test_engine.py .................                                                [ 40%]
tests\test_integration.py ...........                                                 [ 53%]
tests\test_llm_service.py ...                                                         [ 57%]
tests\test_middleware.py .......                                                      [ 65%]
tests\test_profile_extractor.py .............                                         [ 81%]
tests\test_profile_memory.py .........                                                [ 92%]
tests\test_session_service.py ......                                                  [100%]

===================================== warnings summary ===================================== 
venv\Lib\site-packages\mangum\adapter.py:65
  D:\Projects\12.0 AWS SamvaadAI\backend\venv\Lib\site-packages\mangum\adapter.py:65: DeprecationWarning: There is no current event loop
    asyncio.get_event_loop()

-- Docs: https://docs.pytest.org/en/stable/how-to/capture-warnings.html
============================== 82 passed, 1 warning in 3.75s =============================== 
